<?xml version="1.0" encoding="UTF-8"?>
<testng-results ignored="0" total="1" passed="1" failed="0" skipped="0">
  <reporter-output>
  </reporter-output>
  <suite started-at="2026-07-17T13:58:26 IST" name="Default suite" finished-at="2026-07-17T13:59:01 IST" duration-ms="34622">
    <groups>
    </groups>
    <test started-at="2026-07-17T13:58:26 IST" name="Default test" finished-at="2026-07-17T13:59:01 IST" duration-ms="34622">
      <class name="com.SeleniumWebDriver.MultipleFrames.Demo.MultipleFrameDemo">
        <test-method signature="Frames()[pri:0, instance:com.SeleniumWebDriver.MultipleFrames.Demo.MultipleFrameDemo@36902638]" started-at="2026-07-17T13:58:26 IST" name="Frames" finished-at="2026-07-17T13:59:01 IST" duration-ms="34575" status="PASS">
          <reporter-output>
          </reporter-output>
        </test-method> <!-- Frames -->
      </class> <!-- com.SeleniumWebDriver.MultipleFrames.Demo.MultipleFrameDemo -->
    </test> <!-- Default test -->
  </suite> <!-- Default suite -->
</testng-results>
